2019-08-17 16:08:11,895 [Worker-4] INFO  c.g.t.t.d.PublishedGradleVersions - Gradle version information cache is up-to-date. Trying to read.
2019-08-17 16:10:26,122 [Worker-5] INFO  c.g.t.t.d.PublishedGradleVersions - Gradle version information cache is up-to-date. Trying to read.
2019-08-17 16:11:27,119 [Worker-0] INFO  o.e.m.c.i.l.LifecycleMappingFactory - Using org.eclipse.m2e.jdt.JarLifecycleMapping lifecycle mapping for MavenProject: br.inatel.dm110:dm110-api:1.0 @ C:\DM110-Produtos\dm110-api\pom.xml.
2019-08-17 16:11:27,838 [Worker-0] INFO  o.e.m.j.i.AbstractJavaProjectConfigurator - Adding source folder /dm110-api/src/main/java
2019-08-17 16:11:27,839 [Worker-0] INFO  o.e.m.j.i.AbstractJavaProjectConfigurator - Adding source folder /dm110-api/src/test/java
2019-08-17 16:11:27,962 [Worker-0] INFO  o.e.m.c.i.p.ProjectConfigurationManager - Update started
2019-08-17 16:11:28,435 [Worker-0] INFO  o.e.m.c.i.l.LifecycleMappingFactory - Using org.eclipse.m2e.jdt.JarLifecycleMapping lifecycle mapping for MavenProject: br.inatel.dm110:dm110-api:1.0 @ C:\DM110-Produtos\dm110-api\pom.xml.
2019-08-17 16:11:28,636 [Worker-0] INFO  o.e.m.j.i.AbstractJavaProjectConfigurator - Adding source folder /dm110-api/src/main/java
2019-08-17 16:11:28,636 [Worker-0] INFO  o.e.m.j.i.AbstractJavaProjectConfigurator - Adding source folder /dm110-api/src/test/java
2019-08-17 16:11:28,750 [Worker-0] INFO  o.e.m.c.i.p.ProjectConfigurationManager - Update completed: 0 sec
2019-08-17 16:11:28,903 [Worker-7] INFO  o.e.m.c.i.embedder.EclipseLogger - Using 'UTF-8' encoding to copy filtered resources.
2019-08-17 16:11:28,903 [Worker-7] INFO  o.e.m.c.i.embedder.EclipseLogger - skip non existing resourceDirectory C:\DM110-Produtos\dm110-api\src\main\resources
2019-08-17 16:11:28,905 [Worker-7] INFO  o.e.m.c.i.embedder.EclipseLogger - Using 'UTF-8' encoding to copy filtered resources.
2019-08-17 16:11:28,906 [Worker-7] INFO  o.e.m.c.i.embedder.EclipseLogger - skip non existing resourceDirectory C:\DM110-Produtos\dm110-api\src\test\resources
2019-08-17 16:11:42,128 [Worker-8] INFO  o.e.m.c.i.l.LifecycleMappingFactory - Using org.maven.ide.eclipse.wtp.EarLifecycleMapping lifecycle mapping for MavenProject: br.inatel.dm110:dm110-ear:1.0 @ C:\DM110-Produtos\dm110-ear\pom.xml.
2019-08-17 16:11:43,983 [Worker-8] INFO  o.e.m.c.i.embedder.EclipseLogger - Generating application.xml
2019-08-17 16:11:44,024 [Worker-8] INFO  o.e.m.c.i.p.ProjectConfigurationManager - Update started
2019-08-17 16:11:44,085 [Worker-8] INFO  o.e.m.c.i.l.LifecycleMappingFactory - Using org.maven.ide.eclipse.wtp.EarLifecycleMapping lifecycle mapping for MavenProject: br.inatel.dm110:dm110-ear:1.0 @ C:\DM110-Produtos\dm110-ear\pom.xml.
2019-08-17 16:11:44,388 [Worker-8] INFO  o.e.m.c.i.embedder.EclipseLogger - Generating application.xml
2019-08-17 16:11:44,686 [Worker-8] INFO  o.e.m.c.i.embedder.EclipseLogger - Generating application.xml
2019-08-17 16:11:44,882 [Worker-8] INFO  o.e.m.w.i.f.ResourceFilteringBuildParticipant - Cleaning filtered folder for dm110-ear
2019-08-17 16:11:44,889 [Worker-8] INFO  o.e.m.c.i.p.ProjectConfigurationManager - Update completed: 0 sec
2019-08-17 16:11:45,001 [Worker-11] INFO  o.e.m.c.i.embedder.EclipseLogger - Using 'UTF-8' encoding to copy filtered resources.
2019-08-17 16:11:45,001 [Worker-11] INFO  o.e.m.c.i.embedder.EclipseLogger - skip non existing resourceDirectory C:\DM110-Produtos\dm110-api\src\main\resources
2019-08-17 16:11:45,002 [Worker-11] INFO  o.e.m.c.i.embedder.EclipseLogger - Using 'UTF-8' encoding to copy filtered resources.
2019-08-17 16:11:45,002 [Worker-11] INFO  o.e.m.c.i.embedder.EclipseLogger - skip non existing resourceDirectory C:\DM110-Produtos\dm110-api\src\test\resources
2019-08-17 16:11:45,093 [Worker-11] INFO  o.e.m.w.i.f.ResourceFilteringBuildParticipant - Changed resources require a complete clean of filtered resources of dm110-ear
2019-08-17 16:11:45,093 [Worker-11] INFO  o.e.m.w.i.f.ResourceFilteringBuildParticipant - Executing resource filtering for dm110-ear
2019-08-17 16:11:45,119 [Worker-11] INFO  o.e.m.c.i.embedder.EclipseLogger - Using 'UTF-8' encoding to copy filtered resources.
2019-08-17 16:11:45,141 [Worker-11] INFO  o.e.m.c.i.embedder.EclipseLogger - Generating application.xml
2019-08-17 16:11:45,152 [Worker-11] INFO  o.e.m.c.i.embedder.EclipseLogger - Using 'UTF-8' encoding to copy filtered resources.
2019-08-17 16:11:45,152 [Worker-11] INFO  o.e.m.c.i.embedder.EclipseLogger - skip non existing resourceDirectory C:\DM110-Produtos\dm110-ear\src\main\resources
2019-08-17 16:11:50,664 [Worker-24] INFO  o.e.m.c.i.l.LifecycleMappingFactory - Using org.maven.ide.eclipse.wtp.EjbLifecycleMapping lifecycle mapping for MavenProject: br.inatel.dm110:dm110-ejb:1.0 @ C:\DM110-Produtos\dm110-ejb\pom.xml.
2019-08-17 16:11:50,708 [Worker-24] INFO  o.e.m.c.i.l.LifecycleMappingFactory - Using org.maven.ide.eclipse.wtp.EarLifecycleMapping lifecycle mapping for MavenProject: br.inatel.dm110:dm110-ear:1.0 @ C:\DM110-Produtos\dm110-ear\pom.xml.
2019-08-17 16:11:50,790 [Worker-24] INFO  o.e.m.c.i.embedder.EclipseLogger - Generating application.xml
2019-08-17 16:11:51,193 [Worker-24] INFO  o.e.m.j.i.AbstractJavaProjectConfigurator - Adding source folder /dm110-ejb/src/main/java
2019-08-17 16:11:51,193 [Worker-24] INFO  o.e.m.j.i.AbstractJavaProjectConfigurator - Adding source folder /dm110-ejb/src/test/java
2019-08-17 16:11:51,624 [Worker-24] INFO  o.e.m.c.i.p.ProjectConfigurationManager - Update started
2019-08-17 16:11:51,691 [Worker-24] INFO  o.e.m.c.i.l.LifecycleMappingFactory - Using org.maven.ide.eclipse.wtp.EjbLifecycleMapping lifecycle mapping for MavenProject: br.inatel.dm110:dm110-ejb:1.0 @ C:\DM110-Produtos\dm110-ejb\pom.xml.
2019-08-17 16:11:52,126 [Worker-24] INFO  o.e.m.j.i.AbstractJavaProjectConfigurator - Adding source folder /dm110-ejb/src/main/java
2019-08-17 16:11:52,127 [Worker-24] INFO  o.e.m.j.i.AbstractJavaProjectConfigurator - Adding source folder /dm110-ejb/src/test/java
2019-08-17 16:11:52,271 [Worker-24] INFO  o.e.m.c.i.p.ProjectConfigurationManager - Update completed: 0 sec
2019-08-17 16:11:52,416 [Worker-0] INFO  o.e.m.c.i.embedder.EclipseLogger - Using 'UTF-8' encoding to copy filtered resources.
2019-08-17 16:11:52,417 [Worker-0] INFO  o.e.m.c.i.embedder.EclipseLogger - skip non existing resourceDirectory C:\DM110-Produtos\dm110-ejb\src\main\resources
2019-08-17 16:11:52,419 [Worker-0] INFO  o.e.m.c.i.embedder.EclipseLogger - Using 'UTF-8' encoding to copy filtered resources.
2019-08-17 16:11:52,419 [Worker-0] INFO  o.e.m.c.i.embedder.EclipseLogger - skip non existing resourceDirectory C:\DM110-Produtos\dm110-ejb\src\test\resources
2019-08-17 16:11:52,468 [Worker-0] INFO  o.e.m.c.i.embedder.EclipseLogger - Using 'UTF-8' encoding to copy filtered resources.
2019-08-17 16:11:52,468 [Worker-0] INFO  o.e.m.c.i.embedder.EclipseLogger - skip non existing resourceDirectory C:\DM110-Produtos\dm110-ear\src\main\resources
2019-08-17 16:11:54,470 [Worker-21] INFO  o.e.m.c.i.l.LifecycleMappingFactory - Using org.eclipse.m2e.jdt.JarLifecycleMapping lifecycle mapping for MavenProject: br.inatel.dm110:dm110-ejb-client:1.0 @ C:\DM110-Produtos\dm110-ejb-client\pom.xml.
2019-08-17 16:11:54,493 [Worker-21] INFO  o.e.m.c.i.l.LifecycleMappingFactory - Using org.maven.ide.eclipse.wtp.EarLifecycleMapping lifecycle mapping for MavenProject: br.inatel.dm110:dm110-ear:1.0 @ C:\DM110-Produtos\dm110-ear\pom.xml.
2019-08-17 16:11:54,529 [Worker-21] INFO  o.e.m.c.i.l.LifecycleMappingFactory - Using org.maven.ide.eclipse.wtp.EjbLifecycleMapping lifecycle mapping for MavenProject: br.inatel.dm110:dm110-ejb:1.0 @ C:\DM110-Produtos\dm110-ejb\pom.xml.
2019-08-17 16:11:54,715 [Worker-21] INFO  o.e.m.c.i.embedder.EclipseLogger - Generating application.xml
2019-08-17 16:11:54,954 [Worker-21] INFO  o.e.m.j.i.AbstractJavaProjectConfigurator - Adding source folder /dm110-ejb-client/src/main/java
2019-08-17 16:11:54,956 [Worker-21] INFO  o.e.m.j.i.AbstractJavaProjectConfigurator - Adding source folder /dm110-ejb-client/src/test/java
2019-08-17 16:11:55,058 [Worker-21] INFO  o.e.m.c.i.p.ProjectConfigurationManager - Update started
2019-08-17 16:11:55,118 [Worker-21] INFO  o.e.m.c.i.l.LifecycleMappingFactory - Using org.eclipse.m2e.jdt.JarLifecycleMapping lifecycle mapping for MavenProject: br.inatel.dm110:dm110-ejb-client:1.0 @ C:\DM110-Produtos\dm110-ejb-client\pom.xml.
2019-08-17 16:11:55,208 [Worker-21] INFO  o.e.m.j.i.AbstractJavaProjectConfigurator - Adding source folder /dm110-ejb-client/src/main/java
2019-08-17 16:11:55,209 [Worker-21] INFO  o.e.m.j.i.AbstractJavaProjectConfigurator - Adding source folder /dm110-ejb-client/src/test/java
2019-08-17 16:11:55,328 [Worker-21] INFO  o.e.m.c.i.p.ProjectConfigurationManager - Update completed: 0 sec
2019-08-17 16:11:55,528 [Worker-5] INFO  o.e.m.c.i.embedder.EclipseLogger - Using 'UTF-8' encoding to copy filtered resources.
2019-08-17 16:11:55,529 [Worker-5] INFO  o.e.m.c.i.embedder.EclipseLogger - skip non existing resourceDirectory C:\DM110-Produtos\dm110-ejb-client\src\main\resources
2019-08-17 16:11:55,530 [Worker-5] INFO  o.e.m.c.i.embedder.EclipseLogger - Using 'UTF-8' encoding to copy filtered resources.
2019-08-17 16:11:55,530 [Worker-5] INFO  o.e.m.c.i.embedder.EclipseLogger - skip non existing resourceDirectory C:\DM110-Produtos\dm110-ejb-client\src\test\resources
2019-08-17 16:11:55,581 [Worker-5] INFO  o.e.m.c.i.embedder.EclipseLogger - Using 'UTF-8' encoding to copy filtered resources.
2019-08-17 16:11:55,581 [Worker-5] INFO  o.e.m.c.i.embedder.EclipseLogger - skip non existing resourceDirectory C:\DM110-Produtos\dm110-ejb\src\main\resources
2019-08-17 16:11:55,581 [Worker-5] INFO  o.e.m.c.i.embedder.EclipseLogger - Using 'UTF-8' encoding to copy filtered resources.
2019-08-17 16:11:55,582 [Worker-5] INFO  o.e.m.c.i.embedder.EclipseLogger - skip non existing resourceDirectory C:\DM110-Produtos\dm110-ejb\src\test\resources
2019-08-17 16:11:55,620 [Worker-5] INFO  o.e.m.c.i.embedder.EclipseLogger - Using 'UTF-8' encoding to copy filtered resources.
2019-08-17 16:11:55,620 [Worker-5] INFO  o.e.m.c.i.embedder.EclipseLogger - skip non existing resourceDirectory C:\DM110-Produtos\dm110-ear\src\main\resources
2019-08-17 16:12:10,458 [Worker-3] INFO  o.e.m.c.i.l.LifecycleMappingFactory - Using org.eclipse.m2e.jdt.JarLifecycleMapping lifecycle mapping for MavenProject: br.inatel.dm110:dm110-impl:1.0 @ C:\DM110-Produtos\dm110-impl\pom.xml.
2019-08-17 16:12:10,493 [Worker-3] INFO  o.e.m.c.i.l.LifecycleMappingFactory - Using org.maven.ide.eclipse.wtp.EarLifecycleMapping lifecycle mapping for MavenProject: br.inatel.dm110:dm110-ear:1.0 @ C:\DM110-Produtos\dm110-ear\pom.xml.
2019-08-17 16:12:13,590 [Worker-3] INFO  o.e.m.c.i.embedder.EclipseLogger - Generating application.xml
2019-08-17 16:12:13,909 [Worker-22] INFO  o.e.m.c.i.l.LifecycleMappingFactory - Using org.maven.ide.eclipse.wtp.WarLifecycleMapping lifecycle mapping for MavenProject: br.inatel.dm110:dm110-web:1.0 @ C:\DM110-Produtos\dm110-web\pom.xml.
2019-08-17 16:12:13,969 [Worker-22] INFO  o.e.m.c.i.l.LifecycleMappingFactory - Using org.maven.ide.eclipse.wtp.EarLifecycleMapping lifecycle mapping for MavenProject: br.inatel.dm110:dm110-ear:1.0 @ C:\DM110-Produtos\dm110-ear\pom.xml.
2019-08-17 16:12:14,479 [Worker-22] INFO  o.e.m.c.i.embedder.EclipseLogger - Generating application.xml
2019-08-17 16:12:14,811 [Worker-11] INFO  o.e.m.c.i.l.LifecycleMappingFactory - Using org.eclipse.m2e.jdt.JarLifecycleMapping lifecycle mapping for MavenProject: br.inatel.dm110:dm110-impl:1.0 @ C:\DM110-Produtos\dm110-impl\pom.xml.
2019-08-17 16:12:14,919 [Worker-17] INFO  o.e.m.c.i.l.LifecycleMappingFactory - Using org.maven.ide.eclipse.wtp.WarLifecycleMapping lifecycle mapping for MavenProject: br.inatel.dm110:dm110-web:1.0 @ C:\DM110-Produtos\dm110-web\pom.xml.
2019-08-17 16:12:15,352 [Worker-22] INFO  o.e.m.j.i.AbstractJavaProjectConfigurator - Adding source folder /dm110-web/src/main/java
2019-08-17 16:12:15,353 [Worker-22] INFO  o.e.m.j.i.AbstractJavaProjectConfigurator - Adding source folder /dm110-web/src/test/java
2019-08-17 16:12:15,370 [Worker-17] INFO  o.e.m.j.i.AbstractJavaProjectConfigurator - Adding source folder /dm110-web/src/main/java
2019-08-17 16:12:15,370 [Worker-3] INFO  o.e.m.j.i.AbstractJavaProjectConfigurator - Adding source folder /dm110-impl/src/main/java
2019-08-17 16:12:15,370 [Worker-17] INFO  o.e.m.j.i.AbstractJavaProjectConfigurator - Adding source folder /dm110-web/src/test/java
2019-08-17 16:12:15,371 [Worker-3] INFO  o.e.m.j.i.AbstractJavaProjectConfigurator - Adding source folder /dm110-impl/src/test/java
2019-08-17 16:12:15,372 [Worker-11] ERROR o.e.m.c.u.i.a.EnableNatureAction - Resource '/dm110-impl/target/test-classes' already exists.
org.eclipse.core.internal.resources.ResourceException: Resource '/dm110-impl/target/test-classes' already exists.
	at org.eclipse.core.internal.resources.Resource.checkDoesNotExist(Resource.java:314) ~[na:na]
	at org.eclipse.core.internal.resources.Resource.checkDoesNotExist(Resource.java:301) ~[na:na]
	at org.eclipse.core.internal.resources.Folder.assertCreateRequirements(Folder.java:30) ~[na:na]
	at org.eclipse.core.internal.resources.Folder.create(Folder.java:93) ~[na:na]
	at org.eclipse.core.internal.resources.Folder.create(Folder.java:121) ~[na:na]
	at org.eclipse.m2e.core.internal.M2EUtils.createFolder(M2EUtils.java:69) ~[na:na]
	at org.eclipse.m2e.jdt.internal.AbstractJavaProjectConfigurator.addProjectSourceFolders(AbstractJavaProjectConfigurator.java:264) ~[na:na]
	at org.eclipse.m2e.jdt.internal.AbstractJavaProjectConfigurator.configure(AbstractJavaProjectConfigurator.java:145) ~[na:na]
	at org.eclipse.m2e.core.project.configurator.AbstractLifecycleMapping.configure(AbstractLifecycleMapping.java:120) ~[na:na]
	at org.eclipse.m2e.core.internal.project.ProjectConfigurationManager$3.call(ProjectConfigurationManager.java:508) ~[na:na]
	at org.eclipse.m2e.core.internal.project.ProjectConfigurationManager$3.call(ProjectConfigurationManager.java:1) ~[na:na]
	at org.eclipse.m2e.core.internal.embedder.MavenExecutionContext.executeBare(MavenExecutionContext.java:177) ~[na:na]
	at org.eclipse.m2e.core.internal.embedder.MavenExecutionContext.execute(MavenExecutionContext.java:151) ~[na:na]
	at org.eclipse.m2e.core.internal.project.ProjectConfigurationManager.updateProjectConfiguration(ProjectConfigurationManager.java:501) ~[na:na]
	at org.eclipse.m2e.core.internal.project.ProjectConfigurationManager.configureNewMavenProjects(ProjectConfigurationManager.java:288) ~[na:na]
	at org.eclipse.m2e.core.internal.project.ProjectConfigurationManager$4.run(ProjectConfigurationManager.java:528) ~[na:na]
	at org.eclipse.m2e.core.internal.embedder.AbstractRunnable.call(AbstractRunnable.java:26) ~[na:na]
	at org.eclipse.m2e.core.internal.embedder.AbstractRunnable.call(AbstractRunnable.java:1) ~[na:na]
	at org.eclipse.m2e.core.internal.embedder.MavenExecutionContext.executeBare(MavenExecutionContext.java:177) ~[na:na]
	at org.eclipse.m2e.core.internal.embedder.MavenExecutionContext.execute(MavenExecutionContext.java:151) ~[na:na]
	at org.eclipse.m2e.core.internal.embedder.MavenExecutionContext.execute(MavenExecutionContext.java:99) ~[na:na]
	at org.eclipse.m2e.core.internal.embedder.MavenImpl.execute(MavenImpl.java:1355) ~[na:na]
	at org.eclipse.m2e.core.internal.project.ProjectConfigurationManager.enableMavenNature(ProjectConfigurationManager.java:525) ~[na:na]
	at org.eclipse.m2e.core.ui.internal.actions.EnableNatureAction$1.run(EnableNatureAction.java:138) ~[org.eclipse.m2e.core.ui_1.8.3.20180227-2137.jar:na]
	at org.eclipse.core.internal.jobs.Worker.run(Worker.java:56) [org.eclipse.core.jobs_3.9.3.v20180115-1757.jar:na]
2019-08-17 16:12:15,629 [Worker-3] INFO  o.e.m.c.i.p.ProjectConfigurationManager - Update started
2019-08-17 16:12:15,695 [Worker-3] INFO  o.e.m.c.i.l.LifecycleMappingFactory - Using org.eclipse.m2e.jdt.JarLifecycleMapping lifecycle mapping for MavenProject: br.inatel.dm110:dm110-impl:1.0 @ C:\DM110-Produtos\dm110-impl\pom.xml.
2019-08-17 16:12:15,794 [Worker-3] INFO  o.e.m.j.i.AbstractJavaProjectConfigurator - Adding source folder /dm110-impl/src/main/java
2019-08-17 16:12:15,794 [Worker-3] INFO  o.e.m.j.i.AbstractJavaProjectConfigurator - Adding source folder /dm110-impl/src/test/java
2019-08-17 16:12:15,923 [Worker-3] INFO  o.e.m.c.i.p.ProjectConfigurationManager - Update completed: 0 sec
2019-08-17 16:12:16,042 [Worker-16] INFO  o.e.m.c.i.embedder.EclipseLogger - Using 'UTF-8' encoding to copy filtered resources.
2019-08-17 16:12:16,042 [Worker-16] INFO  o.e.m.c.i.embedder.EclipseLogger - skip non existing resourceDirectory C:\DM110-Produtos\dm110-ejb-client\src\main\resources
2019-08-17 16:12:16,044 [Worker-16] INFO  o.e.m.c.i.embedder.EclipseLogger - Using 'UTF-8' encoding to copy filtered resources.
2019-08-17 16:12:16,044 [Worker-16] INFO  o.e.m.c.i.embedder.EclipseLogger - skip non existing resourceDirectory C:\DM110-Produtos\dm110-ejb-client\src\test\resources
2019-08-17 16:12:16,086 [Worker-16] INFO  o.e.m.c.i.embedder.EclipseLogger - Using 'UTF-8' encoding to copy filtered resources.
2019-08-17 16:12:16,086 [Worker-16] INFO  o.e.m.c.i.embedder.EclipseLogger - skip non existing resourceDirectory C:\DM110-Produtos\dm110-impl\src\main\resources
2019-08-17 16:12:16,087 [Worker-16] INFO  o.e.m.c.i.embedder.EclipseLogger - Using 'UTF-8' encoding to copy filtered resources.
2019-08-17 16:12:16,087 [Worker-16] INFO  o.e.m.c.i.embedder.EclipseLogger - skip non existing resourceDirectory C:\DM110-Produtos\dm110-impl\src\test\resources
2019-08-17 16:12:16,140 [Worker-16] INFO  o.e.m.c.i.embedder.EclipseLogger - Using 'UTF-8' encoding to copy filtered resources.
2019-08-17 16:12:16,140 [Worker-16] INFO  o.e.m.c.i.embedder.EclipseLogger - skip non existing resourceDirectory C:\DM110-Produtos\dm110-web\src\main\resources
2019-08-17 16:12:16,142 [Worker-16] INFO  o.e.m.c.i.embedder.EclipseLogger - Using 'UTF-8' encoding to copy filtered resources.
2019-08-17 16:12:16,143 [Worker-16] INFO  o.e.m.c.i.embedder.EclipseLogger - skip non existing resourceDirectory C:\DM110-Produtos\dm110-web\src\test\resources
2019-08-17 16:12:16,724 [Worker-22] WARN  o.e.m.c.p.c.AbstractLifecycleMapping - Could not update project dm110-web configuration
java.lang.IllegalArgumentException: null
	at org.eclipse.wst.common.project.facet.core.internal.FacetedProjectWorkingCopy.setProjectFacetActionConfig(FacetedProjectWorkingCopy.java:1629) ~[na:na]
	at org.eclipse.wst.common.project.facet.core.internal.FacetedProject$1.run(FacetedProject.java:320) ~[na:na]
	at org.eclipse.core.internal.resources.Workspace.run(Workspace.java:2240) ~[org.eclipse.core.resources_3.12.0.v20170417-1558.jar:na]
	at org.eclipse.core.internal.resources.Workspace.run(Workspace.java:2267) ~[org.eclipse.core.resources_3.12.0.v20170417-1558.jar:na]
	at org.eclipse.wst.common.project.facet.core.internal.FacetedProject.modify(FacetedProject.java:339) ~[na:na]
	at org.eclipse.m2e.wtp.WebProjectConfiguratorDelegate.configure(WebProjectConfiguratorDelegate.java:136) ~[na:na]
	at org.eclipse.m2e.wtp.AbstractProjectConfiguratorDelegate.configureProject(AbstractProjectConfiguratorDelegate.java:95) ~[na:na]
	at org.eclipse.m2e.wtp.WTPProjectConfigurator.configure(WTPProjectConfigurator.java:68) ~[na:na]
	at org.eclipse.m2e.core.project.configurator.AbstractLifecycleMapping.configure(AbstractLifecycleMapping.java:120) ~[org.eclipse.m2e.core_1.8.3.20180227-2137.jar:na]
	at org.eclipse.m2e.core.internal.project.ProjectConfigurationManager$3.call(ProjectConfigurationManager.java:508) [org.eclipse.m2e.core_1.8.3.20180227-2137.jar:na]
	at org.eclipse.m2e.core.internal.project.ProjectConfigurationManager$3.call(ProjectConfigurationManager.java:1) [org.eclipse.m2e.core_1.8.3.20180227-2137.jar:na]
	at org.eclipse.m2e.core.internal.embedder.MavenExecutionContext.executeBare(MavenExecutionContext.java:177) [org.eclipse.m2e.core_1.8.3.20180227-2137.jar:na]
	at org.eclipse.m2e.core.internal.embedder.MavenExecutionContext.execute(MavenExecutionContext.java:151) [org.eclipse.m2e.core_1.8.3.20180227-2137.jar:na]
	at org.eclipse.m2e.core.internal.project.ProjectConfigurationManager.updateProjectConfiguration(ProjectConfigurationManager.java:501) [org.eclipse.m2e.core_1.8.3.20180227-2137.jar:na]
	at org.eclipse.m2e.core.internal.project.ProjectConfigurationManager.configureNewMavenProjects(ProjectConfigurationManager.java:288) [org.eclipse.m2e.core_1.8.3.20180227-2137.jar:na]
	at org.eclipse.m2e.core.internal.project.ProjectConfigurationManager$4.run(ProjectConfigurationManager.java:528) [org.eclipse.m2e.core_1.8.3.20180227-2137.jar:na]
	at org.eclipse.m2e.core.internal.embedder.AbstractRunnable.call(AbstractRunnable.java:26) [org.eclipse.m2e.core_1.8.3.20180227-2137.jar:na]
	at org.eclipse.m2e.core.internal.embedder.AbstractRunnable.call(AbstractRunnable.java:1) [org.eclipse.m2e.core_1.8.3.20180227-2137.jar:na]
	at org.eclipse.m2e.core.internal.embedder.MavenExecutionContext.executeBare(MavenExecutionContext.java:177) [org.eclipse.m2e.core_1.8.3.20180227-2137.jar:na]
	at org.eclipse.m2e.core.internal.embedder.MavenExecutionContext.execute(MavenExecutionContext.java:151) [org.eclipse.m2e.core_1.8.3.20180227-2137.jar:na]
	at org.eclipse.m2e.core.internal.embedder.MavenExecutionContext.execute(MavenExecutionContext.java:99) [org.eclipse.m2e.core_1.8.3.20180227-2137.jar:na]
	at org.eclipse.m2e.core.internal.embedder.MavenImpl.execute(MavenImpl.java:1355) [org.eclipse.m2e.core_1.8.3.20180227-2137.jar:na]
	at org.eclipse.m2e.core.internal.project.ProjectConfigurationManager.enableMavenNature(ProjectConfigurationManager.java:525) [org.eclipse.m2e.core_1.8.3.20180227-2137.jar:na]
	at org.eclipse.m2e.core.ui.internal.actions.EnableNatureAction$1.run(EnableNatureAction.java:138) [org.eclipse.m2e.core.ui_1.8.3.20180227-2137.jar:na]
	at org.eclipse.core.internal.jobs.Worker.run(Worker.java:56) [org.eclipse.core.jobs_3.9.3.v20180115-1757.jar:na]
2019-08-17 16:12:16,729 [Worker-22] ERROR o.e.m.c.u.i.a.EnableNatureAction - Could not update project dm110-web configuration
org.eclipse.core.runtime.CoreException: Could not update project dm110-web configuration
	at org.eclipse.m2e.core.project.configurator.AbstractLifecycleMapping.configure(AbstractLifecycleMapping.java:126) ~[na:na]
	at org.eclipse.m2e.core.internal.project.ProjectConfigurationManager$3.call(ProjectConfigurationManager.java:508) ~[na:na]
	at org.eclipse.m2e.core.internal.project.ProjectConfigurationManager$3.call(ProjectConfigurationManager.java:1) ~[na:na]
	at org.eclipse.m2e.core.internal.embedder.MavenExecutionContext.executeBare(MavenExecutionContext.java:177) ~[na:na]
	at org.eclipse.m2e.core.internal.embedder.MavenExecutionContext.execute(MavenExecutionContext.java:151) ~[na:na]
	at org.eclipse.m2e.core.internal.project.ProjectConfigurationManager.updateProjectConfiguration(ProjectConfigurationManager.java:501) ~[na:na]
	at org.eclipse.m2e.core.internal.project.ProjectConfigurationManager.configureNewMavenProjects(ProjectConfigurationManager.java:288) ~[na:na]
	at org.eclipse.m2e.core.internal.project.ProjectConfigurationManager$4.run(ProjectConfigurationManager.java:528) ~[na:na]
	at org.eclipse.m2e.core.internal.embedder.AbstractRunnable.call(AbstractRunnable.java:26) ~[na:na]
	at org.eclipse.m2e.core.internal.embedder.AbstractRunnable.call(AbstractRunnable.java:1) ~[na:na]
	at org.eclipse.m2e.core.internal.embedder.MavenExecutionContext.executeBare(MavenExecutionContext.java:177) ~[na:na]
	at org.eclipse.m2e.core.internal.embedder.MavenExecutionContext.execute(MavenExecutionContext.java:151) ~[na:na]
	at org.eclipse.m2e.core.internal.embedder.MavenExecutionContext.execute(MavenExecutionContext.java:99) ~[na:na]
	at org.eclipse.m2e.core.internal.embedder.MavenImpl.execute(MavenImpl.java:1355) ~[na:na]
	at org.eclipse.m2e.core.internal.project.ProjectConfigurationManager.enableMavenNature(ProjectConfigurationManager.java:525) ~[na:na]
	at org.eclipse.m2e.core.ui.internal.actions.EnableNatureAction$1.run(EnableNatureAction.java:138) ~[org.eclipse.m2e.core.ui_1.8.3.20180227-2137.jar:na]
	at org.eclipse.core.internal.jobs.Worker.run(Worker.java:56) [org.eclipse.core.jobs_3.9.3.v20180115-1757.jar:na]
Caused by: java.lang.IllegalArgumentException: null
	at org.eclipse.wst.common.project.facet.core.internal.FacetedProjectWorkingCopy.setProjectFacetActionConfig(FacetedProjectWorkingCopy.java:1629) ~[na:na]
	at org.eclipse.wst.common.project.facet.core.internal.FacetedProject$1.run(FacetedProject.java:320) ~[na:na]
	at org.eclipse.core.internal.resources.Workspace.run(Workspace.java:2240) ~[na:na]
	at org.eclipse.core.internal.resources.Workspace.run(Workspace.java:2267) ~[na:na]
	at org.eclipse.wst.common.project.facet.core.internal.FacetedProject.modify(FacetedProject.java:339) ~[na:na]
	at org.eclipse.m2e.wtp.WebProjectConfiguratorDelegate.configure(WebProjectConfiguratorDelegate.java:136) ~[na:na]
	at org.eclipse.m2e.wtp.AbstractProjectConfiguratorDelegate.configureProject(AbstractProjectConfiguratorDelegate.java:95) ~[na:na]
	at org.eclipse.m2e.wtp.WTPProjectConfigurator.configure(WTPProjectConfigurator.java:68) ~[na:na]
	at org.eclipse.m2e.core.project.configurator.AbstractLifecycleMapping.configure(AbstractLifecycleMapping.java:120) ~[na:na]
	... 16 common frames omitted
2019-08-17 16:12:17,196 [Worker-17] INFO  o.e.m.c.i.p.ProjectConfigurationManager - Update started
2019-08-17 16:12:17,238 [Worker-17] INFO  o.e.m.c.i.l.LifecycleMappingFactory - Using org.maven.ide.eclipse.wtp.WarLifecycleMapping lifecycle mapping for MavenProject: br.inatel.dm110:dm110-web:1.0 @ C:\DM110-Produtos\dm110-web\pom.xml.
2019-08-17 16:12:17,993 [Worker-17] INFO  o.e.m.j.i.AbstractJavaProjectConfigurator - Adding source folder /dm110-web/src/main/java
2019-08-17 16:12:17,993 [Worker-17] INFO  o.e.m.j.i.AbstractJavaProjectConfigurator - Adding source folder /dm110-web/src/test/java
2019-08-17 16:12:18,238 [Worker-17] INFO  o.e.m.w.i.f.ResourceFilteringBuildParticipant - Cleaning filtered folder for dm110-web
2019-08-17 16:12:18,260 [Worker-17] INFO  o.e.m.c.i.p.ProjectConfigurationManager - Update completed: 1 sec
2019-08-17 16:12:18,452 [Worker-22] INFO  o.e.m.c.i.embedder.EclipseLogger - Using 'UTF-8' encoding to copy filtered resources.
2019-08-17 16:12:18,452 [Worker-22] INFO  o.e.m.c.i.embedder.EclipseLogger - skip non existing resourceDirectory C:\DM110-Produtos\dm110-web\src\main\resources
2019-08-17 16:12:18,454 [Worker-22] INFO  o.e.m.c.i.embedder.EclipseLogger - Using 'UTF-8' encoding to copy filtered resources.
2019-08-17 16:12:18,455 [Worker-22] INFO  o.e.m.c.i.embedder.EclipseLogger - skip non existing resourceDirectory C:\DM110-Produtos\dm110-web\src\test\resources
2019-08-17 16:12:18,455 [Worker-22] INFO  o.e.m.w.i.f.ResourceFilteringBuildParticipant - Changed resources require a complete clean of filtered resources of dm110-web
2019-08-17 16:12:18,455 [Worker-22] INFO  o.e.m.w.i.f.ResourceFilteringBuildParticipant - Executing resource filtering for dm110-web
2019-08-17 16:12:18,459 [Worker-22] INFO  o.e.m.c.i.embedder.EclipseLogger - Using 'UTF-8' encoding to copy filtered resources.
2019-08-17 16:12:18,499 [Worker-22] INFO  o.e.m.c.i.embedder.EclipseLogger - Using 'UTF-8' encoding to copy filtered resources.
2019-08-17 16:12:18,499 [Worker-22] INFO  o.e.m.c.i.embedder.EclipseLogger - skip non existing resourceDirectory C:\DM110-Produtos\dm110-ear\src\main\resources
2019-08-17 16:13:06,204 [Worker-12] INFO  o.e.m.c.i.p.ProjectConfigurationManager - Update started
2019-08-17 16:13:06,714 [Worker-12] INFO  o.e.m.c.i.l.LifecycleMappingFactory - Using org.eclipse.m2e.jdt.JarLifecycleMapping lifecycle mapping for MavenProject: br.inatel.dm110:dm110-api:1.0 @ C:\DM110-Produtos\dm110-api\pom.xml.
2019-08-17 16:13:06,745 [Worker-12] INFO  o.e.m.c.i.l.LifecycleMappingFactory - Using org.maven.ide.eclipse.wtp.EarLifecycleMapping lifecycle mapping for MavenProject: br.inatel.dm110:dm110-ear:1.0 @ C:\DM110-Produtos\dm110-ear\pom.xml.
2019-08-17 16:13:06,779 [Worker-12] INFO  o.e.m.c.i.l.LifecycleMappingFactory - Using org.maven.ide.eclipse.wtp.EjbLifecycleMapping lifecycle mapping for MavenProject: br.inatel.dm110:dm110-ejb:1.0 @ C:\DM110-Produtos\dm110-ejb\pom.xml.
2019-08-17 16:13:06,804 [Worker-12] INFO  o.e.m.c.i.l.LifecycleMappingFactory - Using org.eclipse.m2e.jdt.JarLifecycleMapping lifecycle mapping for MavenProject: br.inatel.dm110:dm110-ejb-client:1.0 @ C:\DM110-Produtos\dm110-ejb-client\pom.xml.
2019-08-17 16:13:06,828 [Worker-12] INFO  o.e.m.c.i.l.LifecycleMappingFactory - Using org.eclipse.m2e.jdt.JarLifecycleMapping lifecycle mapping for MavenProject: br.inatel.dm110:dm110-impl:1.0 @ C:\DM110-Produtos\dm110-impl\pom.xml.
2019-08-17 16:13:06,857 [Worker-12] INFO  o.e.m.c.i.l.LifecycleMappingFactory - Using org.maven.ide.eclipse.wtp.WarLifecycleMapping lifecycle mapping for MavenProject: br.inatel.dm110:dm110-web:1.0 @ C:\DM110-Produtos\dm110-web\pom.xml.
2019-08-17 16:13:07,616 [Worker-12] INFO  o.e.m.c.i.embedder.EclipseLogger - Generating application.xml
2019-08-17 16:13:08,245 [Worker-12] INFO  o.e.m.j.i.AbstractJavaProjectConfigurator - Adding source folder /dm110-api/src/main/java
2019-08-17 16:13:08,245 [Worker-12] INFO  o.e.m.j.i.AbstractJavaProjectConfigurator - Adding source folder /dm110-api/src/test/java
2019-08-17 16:13:08,402 [Worker-12] INFO  o.e.m.c.i.embedder.EclipseLogger - Generating application.xml
2019-08-17 16:13:08,424 [Worker-12] INFO  o.e.m.j.i.AbstractJavaProjectConfigurator - Adding source folder /dm110-ejb/src/main/java
2019-08-17 16:13:08,424 [Worker-12] INFO  o.e.m.j.i.AbstractJavaProjectConfigurator - Adding source folder /dm110-ejb/src/test/java
2019-08-17 16:13:08,502 [Worker-12] INFO  o.e.m.j.i.AbstractJavaProjectConfigurator - Adding source folder /dm110-ejb-client/src/main/java
2019-08-17 16:13:08,503 [Worker-12] INFO  o.e.m.j.i.AbstractJavaProjectConfigurator - Adding source folder /dm110-ejb-client/src/test/java
2019-08-17 16:13:08,565 [Worker-12] INFO  o.e.m.j.i.AbstractJavaProjectConfigurator - Adding source folder /dm110-impl/src/main/java
2019-08-17 16:13:08,565 [Worker-12] INFO  o.e.m.j.i.AbstractJavaProjectConfigurator - Adding source folder /dm110-impl/src/test/java
2019-08-17 16:13:08,638 [Worker-12] INFO  o.e.m.j.i.AbstractJavaProjectConfigurator - Adding source folder /dm110-web/src/main/java
2019-08-17 16:13:08,638 [Worker-12] INFO  o.e.m.j.i.AbstractJavaProjectConfigurator - Adding source folder /dm110-web/src/test/java
2019-08-17 16:13:08,912 [Worker-12] INFO  o.e.m.w.i.f.ResourceFilteringBuildParticipant - Cleaning filtered folder for dm110-ear
2019-08-17 16:13:08,936 [Worker-12] INFO  o.e.m.w.i.f.ResourceFilteringBuildParticipant - Cleaning filtered folder for dm110-web
2019-08-17 16:13:08,941 [Worker-12] INFO  o.e.m.c.i.p.ProjectConfigurationManager - Update completed: 2 sec
2019-08-17 16:13:09,080 [Worker-24] INFO  o.e.m.c.i.embedder.EclipseLogger - Using 'UTF-8' encoding to copy filtered resources.
2019-08-17 16:13:09,080 [Worker-24] INFO  o.e.m.c.i.embedder.EclipseLogger - skip non existing resourceDirectory C:\DM110-Produtos\dm110-api\src\main\resources
2019-08-17 16:13:09,082 [Worker-24] INFO  o.e.m.c.i.embedder.EclipseLogger - Using 'UTF-8' encoding to copy filtered resources.
2019-08-17 16:13:09,083 [Worker-24] INFO  o.e.m.c.i.embedder.EclipseLogger - skip non existing resourceDirectory C:\DM110-Produtos\dm110-api\src\test\resources
2019-08-17 16:13:09,313 [Worker-24] INFO  o.e.m.c.i.embedder.EclipseLogger - Using 'UTF-8' encoding to copy filtered resources.
2019-08-17 16:13:09,313 [Worker-24] INFO  o.e.m.c.i.embedder.EclipseLogger - skip non existing resourceDirectory C:\DM110-Produtos\dm110-ejb-client\src\main\resources
2019-08-17 16:13:09,314 [Worker-24] INFO  o.e.m.c.i.embedder.EclipseLogger - Using 'UTF-8' encoding to copy filtered resources.
2019-08-17 16:13:09,314 [Worker-24] INFO  o.e.m.c.i.embedder.EclipseLogger - skip non existing resourceDirectory C:\DM110-Produtos\dm110-ejb-client\src\test\resources
2019-08-17 16:13:09,350 [Worker-24] INFO  o.e.m.c.i.embedder.EclipseLogger - Using 'UTF-8' encoding to copy filtered resources.
2019-08-17 16:13:09,351 [Worker-24] INFO  o.e.m.c.i.embedder.EclipseLogger - skip non existing resourceDirectory C:\DM110-Produtos\dm110-ejb\src\main\resources
2019-08-17 16:13:09,352 [Worker-24] INFO  o.e.m.c.i.embedder.EclipseLogger - Using 'UTF-8' encoding to copy filtered resources.
2019-08-17 16:13:09,352 [Worker-24] INFO  o.e.m.c.i.embedder.EclipseLogger - skip non existing resourceDirectory C:\DM110-Produtos\dm110-ejb\src\test\resources
2019-08-17 16:13:09,383 [Worker-24] INFO  o.e.m.c.i.embedder.EclipseLogger - Using 'UTF-8' encoding to copy filtered resources.
2019-08-17 16:13:09,384 [Worker-24] INFO  o.e.m.c.i.embedder.EclipseLogger - skip non existing resourceDirectory C:\DM110-Produtos\dm110-impl\src\main\resources
2019-08-17 16:13:09,384 [Worker-24] INFO  o.e.m.c.i.embedder.EclipseLogger - Using 'UTF-8' encoding to copy filtered resources.
2019-08-17 16:13:09,384 [Worker-24] INFO  o.e.m.c.i.embedder.EclipseLogger - skip non existing resourceDirectory C:\DM110-Produtos\dm110-impl\src\test\resources
2019-08-17 16:13:09,562 [Worker-24] INFO  o.e.m.c.i.embedder.EclipseLogger - Using 'UTF-8' encoding to copy filtered resources.
2019-08-17 16:13:09,562 [Worker-24] INFO  o.e.m.c.i.embedder.EclipseLogger - skip non existing resourceDirectory C:\DM110-Produtos\dm110-web\src\main\resources
2019-08-17 16:13:09,563 [Worker-24] INFO  o.e.m.c.i.embedder.EclipseLogger - Using 'UTF-8' encoding to copy filtered resources.
2019-08-17 16:13:09,563 [Worker-24] INFO  o.e.m.c.i.embedder.EclipseLogger - skip non existing resourceDirectory C:\DM110-Produtos\dm110-web\src\test\resources
2019-08-17 16:13:09,563 [Worker-24] INFO  o.e.m.w.i.f.ResourceFilteringBuildParticipant - Changed resources require a complete clean of filtered resources of dm110-web
2019-08-17 16:13:09,563 [Worker-24] INFO  o.e.m.w.i.f.ResourceFilteringBuildParticipant - Executing resource filtering for dm110-web
2019-08-17 16:13:09,566 [Worker-24] INFO  o.e.m.c.i.embedder.EclipseLogger - Using 'UTF-8' encoding to copy filtered resources.
2019-08-17 16:13:09,888 [Worker-24] INFO  o.e.m.w.i.f.ResourceFilteringBuildParticipant - Changed resources require a complete clean of filtered resources of dm110-ear
2019-08-17 16:13:09,888 [Worker-24] INFO  o.e.m.w.i.f.ResourceFilteringBuildParticipant - Executing resource filtering for dm110-ear
2019-08-17 16:13:09,891 [Worker-24] INFO  o.e.m.c.i.embedder.EclipseLogger - Using 'UTF-8' encoding to copy filtered resources.
2019-08-17 16:13:09,903 [Worker-24] INFO  o.e.m.c.i.embedder.EclipseLogger - Generating application.xml
2019-08-17 16:13:09,914 [Worker-24] INFO  o.e.m.c.i.embedder.EclipseLogger - Using 'UTF-8' encoding to copy filtered resources.
2019-08-17 16:13:09,914 [Worker-24] INFO  o.e.m.c.i.embedder.EclipseLogger - skip non existing resourceDirectory C:\DM110-Produtos\dm110-ear\src\main\resources
2019-08-17 16:15:10,620 [Worker-23] INFO  o.e.m.c.i.embedder.EclipseLogger - Using 'UTF-8' encoding to copy filtered resources.
2019-08-17 16:15:10,620 [Worker-23] INFO  o.e.m.c.i.embedder.EclipseLogger - skip non existing resourceDirectory C:\DM110-Produtos\dm110-ejb\src\main\resources
2019-08-17 16:15:10,621 [Worker-23] INFO  o.e.m.c.i.embedder.EclipseLogger - Using 'UTF-8' encoding to copy filtered resources.
2019-08-17 16:15:10,621 [Worker-23] INFO  o.e.m.c.i.embedder.EclipseLogger - skip non existing resourceDirectory C:\DM110-Produtos\dm110-ejb\src\test\resources
2019-08-17 16:15:54,846 [Worker-14] INFO  o.e.m.c.i.embedder.EclipseLogger - Using 'UTF-8' encoding to copy filtered resources.
2019-08-17 16:15:54,846 [Worker-14] INFO  o.e.m.c.i.embedder.EclipseLogger - skip non existing resourceDirectory C:\DM110-Produtos\dm110-ejb-client\src\main\resources
2019-08-17 16:15:54,847 [Worker-14] INFO  o.e.m.c.i.embedder.EclipseLogger - Using 'UTF-8' encoding to copy filtered resources.
2019-08-17 16:15:54,847 [Worker-14] INFO  o.e.m.c.i.embedder.EclipseLogger - skip non existing resourceDirectory C:\DM110-Produtos\dm110-ejb-client\src\test\resources
2019-08-17 16:15:55,082 [Worker-14] INFO  o.e.m.c.i.embedder.EclipseLogger - Using 'UTF-8' encoding to copy filtered resources.
2019-08-17 16:15:55,082 [Worker-14] INFO  o.e.m.c.i.embedder.EclipseLogger - skip non existing resourceDirectory C:\DM110-Produtos\dm110-ejb\src\main\resources
2019-08-17 16:15:55,083 [Worker-14] INFO  o.e.m.c.i.embedder.EclipseLogger - Using 'UTF-8' encoding to copy filtered resources.
2019-08-17 16:15:55,083 [Worker-14] INFO  o.e.m.c.i.embedder.EclipseLogger - skip non existing resourceDirectory C:\DM110-Produtos\dm110-ejb\src\test\resources
2019-08-17 16:16:02,816 [Worker-12] INFO  o.e.m.c.i.embedder.EclipseLogger - Using 'UTF-8' encoding to copy filtered resources.
2019-08-17 16:16:02,816 [Worker-12] INFO  o.e.m.c.i.embedder.EclipseLogger - skip non existing resourceDirectory C:\DM110-Produtos\dm110-impl\src\main\resources
2019-08-17 16:16:02,816 [Worker-12] INFO  o.e.m.c.i.embedder.EclipseLogger - Using 'UTF-8' encoding to copy filtered resources.
2019-08-17 16:16:02,817 [Worker-12] INFO  o.e.m.c.i.embedder.EclipseLogger - skip non existing resourceDirectory C:\DM110-Produtos\dm110-impl\src\test\resources
2019-08-17 16:16:16,159 [Worker-22] INFO  o.e.m.c.i.embedder.EclipseLogger - Using 'UTF-8' encoding to copy filtered resources.
2019-08-17 16:16:16,159 [Worker-22] INFO  o.e.m.c.i.embedder.EclipseLogger - skip non existing resourceDirectory C:\DM110-Produtos\dm110-web\src\main\resources
2019-08-17 16:16:16,160 [Worker-22] INFO  o.e.m.c.i.embedder.EclipseLogger - Using 'UTF-8' encoding to copy filtered resources.
2019-08-17 16:16:16,160 [Worker-22] INFO  o.e.m.c.i.embedder.EclipseLogger - skip non existing resourceDirectory C:\DM110-Produtos\dm110-web\src\test\resources
2019-08-17 16:16:23,869 [Worker-23] INFO  o.e.m.c.i.embedder.EclipseLogger - Using 'UTF-8' encoding to copy filtered resources.
2019-08-17 16:16:23,869 [Worker-23] INFO  o.e.m.c.i.embedder.EclipseLogger - skip non existing resourceDirectory C:\DM110-Produtos\dm110-api\src\main\resources
2019-08-17 16:16:23,870 [Worker-23] INFO  o.e.m.c.i.embedder.EclipseLogger - Using 'UTF-8' encoding to copy filtered resources.
2019-08-17 16:16:23,870 [Worker-23] INFO  o.e.m.c.i.embedder.EclipseLogger - skip non existing resourceDirectory C:\DM110-Produtos\dm110-api\src\test\resources
2019-08-17 16:16:23,888 [Worker-23] INFO  o.e.m.c.i.embedder.EclipseLogger - Using 'UTF-8' encoding to copy filtered resources.
2019-08-17 16:16:23,889 [Worker-23] INFO  o.e.m.c.i.embedder.EclipseLogger - skip non existing resourceDirectory C:\DM110-Produtos\dm110-ejb-client\src\main\resources
2019-08-17 16:16:23,890 [Worker-23] INFO  o.e.m.c.i.embedder.EclipseLogger - Using 'UTF-8' encoding to copy filtered resources.
2019-08-17 16:16:23,890 [Worker-23] INFO  o.e.m.c.i.embedder.EclipseLogger - skip non existing resourceDirectory C:\DM110-Produtos\dm110-ejb-client\src\test\resources
2019-08-17 16:16:23,910 [Worker-23] INFO  o.e.m.c.i.embedder.EclipseLogger - Using 'UTF-8' encoding to copy filtered resources.
2019-08-17 16:16:23,910 [Worker-23] INFO  o.e.m.c.i.embedder.EclipseLogger - skip non existing resourceDirectory C:\DM110-Produtos\dm110-ejb\src\main\resources
2019-08-17 16:16:23,911 [Worker-23] INFO  o.e.m.c.i.embedder.EclipseLogger - Using 'UTF-8' encoding to copy filtered resources.
2019-08-17 16:16:23,911 [Worker-23] INFO  o.e.m.c.i.embedder.EclipseLogger - skip non existing resourceDirectory C:\DM110-Produtos\dm110-ejb\src\test\resources
2019-08-17 16:16:23,929 [Worker-23] INFO  o.e.m.c.i.embedder.EclipseLogger - Using 'UTF-8' encoding to copy filtered resources.
2019-08-17 16:16:23,930 [Worker-23] INFO  o.e.m.c.i.embedder.EclipseLogger - skip non existing resourceDirectory C:\DM110-Produtos\dm110-impl\src\main\resources
2019-08-17 16:16:23,930 [Worker-23] INFO  o.e.m.c.i.embedder.EclipseLogger - Using 'UTF-8' encoding to copy filtered resources.
2019-08-17 16:16:23,930 [Worker-23] INFO  o.e.m.c.i.embedder.EclipseLogger - skip non existing resourceDirectory C:\DM110-Produtos\dm110-impl\src\test\resources
